2024-02-19 02:21:03,227 DEBUG  o.s.b.a.ApplicationAvailabilityBean [SpringApplicationShutdownHook] Application availability state ReadinessState changed from ACCEPTING_TRAFFIC to REFUSING_TRAFFIC
2024-02-19 02:21:03,230 DEBUG igServletWebServerApplicationContext [SpringApplicationShutdownHook] Closing org.springframework.boot.web.servlet.context.AnnotationConfigServletWebServerApplicationContext@60dce7ea, started on Mon Feb 19 02:19:11 CST 2024
2024-02-19 02:21:03,272 DEBUG    o.s.b.a.e.jmx.JmxEndpointExporter [SpringApplicationShutdownHook] Unregister endpoint with ObjectName 'org.springframework.boot:type=Endpoint,name=Beans' from the JMX domain
2024-02-19 02:21:03,273 DEBUG    o.s.b.a.e.jmx.JmxEndpointExporter [SpringApplicationShutdownHook] Unregister endpoint with ObjectName 'org.springframework.boot:type=Endpoint,name=Caches' from the JMX domain
2024-02-19 02:21:03,273 DEBUG    o.s.b.a.e.jmx.JmxEndpointExporter [SpringApplicationShutdownHook] Unregister endpoint with ObjectName 'org.springframework.boot:type=Endpoint,name=Health' from the JMX domain
2024-02-19 02:21:03,273 DEBUG    o.s.b.a.e.jmx.JmxEndpointExporter [SpringApplicationShutdownHook] Unregister endpoint with ObjectName 'org.springframework.boot:type=Endpoint,name=Info' from the JMX domain
2024-02-19 02:21:03,273 DEBUG    o.s.b.a.e.jmx.JmxEndpointExporter [SpringApplicationShutdownHook] Unregister endpoint with ObjectName 'org.springframework.boot:type=Endpoint,name=Conditions' from the JMX domain
2024-02-19 02:21:03,273 DEBUG    o.s.b.a.e.jmx.JmxEndpointExporter [SpringApplicationShutdownHook] Unregister endpoint with ObjectName 'org.springframework.boot:type=Endpoint,name=Configprops' from the JMX domain
2024-02-19 02:21:03,273 DEBUG    o.s.b.a.e.jmx.JmxEndpointExporter [SpringApplicationShutdownHook] Unregister endpoint with ObjectName 'org.springframework.boot:type=Endpoint,name=Env' from the JMX domain
2024-02-19 02:21:03,273 DEBUG    o.s.b.a.e.jmx.JmxEndpointExporter [SpringApplicationShutdownHook] Unregister endpoint with ObjectName 'org.springframework.boot:type=Endpoint,name=Loggers' from the JMX domain
2024-02-19 02:21:03,273 DEBUG    o.s.b.a.e.jmx.JmxEndpointExporter [SpringApplicationShutdownHook] Unregister endpoint with ObjectName 'org.springframework.boot:type=Endpoint,name=Threaddump' from the JMX domain
2024-02-19 02:21:03,273 DEBUG    o.s.b.a.e.jmx.JmxEndpointExporter [SpringApplicationShutdownHook] Unregister endpoint with ObjectName 'org.springframework.boot:type=Endpoint,name=Metrics' from the JMX domain
2024-02-19 02:21:03,273 DEBUG    o.s.b.a.e.jmx.JmxEndpointExporter [SpringApplicationShutdownHook] Unregister endpoint with ObjectName 'org.springframework.boot:type=Endpoint,name=Scheduledtasks' from the JMX domain
2024-02-19 02:21:03,273 DEBUG    o.s.b.a.e.jmx.JmxEndpointExporter [SpringApplicationShutdownHook] Unregister endpoint with ObjectName 'org.springframework.boot:type=Endpoint,name=Mappings' from the JMX domain
2024-02-19 02:21:05,648 INFO .n.NepaliMarketProProjectApplication [main] Starting NepaliMarketProProjectApplication using Java 21.0.1 with PID 82776 (/Users/sudeep-macmini/IdeaProjects/koolsudeep/NepaliMarketProProject/target/classes started by sudeep-macmini in /Users/sudeep-macmini/IdeaProjects/koolsudeep/NepaliMarketProProject)
2024-02-19 02:21:05,649 INFO .n.NepaliMarketProProjectApplication [main] No active profile set, falling back to 1 default profile: "default"
2024-02-19 02:21:08,004 INFO .n.NepaliMarketProProjectApplication [main] Started NepaliMarketProProjectApplication in 2.691 seconds (process running for 3.655)
2024-02-19 02:30:48,237 INFO .n.NepaliMarketProProjectApplication [main] Starting NepaliMarketProProjectApplication using Java 21.0.1 with PID 82861 (/Users/sudeep-macmini/IdeaProjects/koolsudeep/NepaliMarketProProject/target/classes started by sudeep-macmini in /Users/sudeep-macmini/IdeaProjects/koolsudeep/NepaliMarketProProject)
2024-02-19 02:30:48,238 INFO .n.NepaliMarketProProjectApplication [main] No active profile set, falling back to 1 default profile: "default"
2024-02-19 02:30:50,665 INFO .n.NepaliMarketProProjectApplication [main] Started NepaliMarketProProjectApplication in 2.57 seconds (process running for 2.944)
2024-02-19 02:33:34,005 INFO .n.NepaliMarketProProjectApplication [main] Starting NepaliMarketProProjectApplication using Java 21.0.1 with PID 82945 (/Users/sudeep-macmini/IdeaProjects/koolsudeep/NepaliMarketProProject/target/classes started by sudeep-macmini in /Users/sudeep-macmini/IdeaProjects/koolsudeep/NepaliMarketProProject)
2024-02-19 02:33:34,006 INFO .n.NepaliMarketProProjectApplication [main] No active profile set, falling back to 1 default profile: "default"
2024-02-19 02:33:36,334 INFO .n.NepaliMarketProProjectApplication [main] Started NepaliMarketProProjectApplication in 2.452 seconds (process running for 2.954)
2024-02-19 06:20:52,398 INFO .n.NepaliMarketProProjectApplication [main] Starting NepaliMarketProProjectApplication using Java 21.0.1 with PID 84009 (/Users/sudeep-macmini/IdeaProjects/koolsudeep/NepaliMarketProProject/target/classes started by sudeep-macmini in /Users/sudeep-macmini/IdeaProjects/koolsudeep/NepaliMarketProProject)
2024-02-19 06:20:52,399 INFO .n.NepaliMarketProProjectApplication [main] No active profile set, falling back to 1 default profile: "default"
2024-02-19 06:20:56,084 INFO .n.NepaliMarketProProjectApplication [main] Started NepaliMarketProProjectApplication in 3.975 seconds (process running for 4.863)
